[    0.000000] Linux version 4.15.0-194-generic (buildd@lcy02-amd64-052) (gcc version 7.5.0 (Ubuntu 7.5.0-3ubuntu1~18.04)) #205-Ubuntu SMP Fri Sep 16 19:49:27 UTC 2022 (Ubuntu 4.15.0-194.205-generic 4.15.18)
[    0.000000] Command line: BOOT_IMAGE=/boot/vmlinuz-4.15.0-194-generic root=LABEL=cloudimg-rootfs ro console=tty1 console=ttyS0
[    0.000000] KERNEL supported cpus:
[    0.000000]   Intel GenuineIntel
[    0.000000]   AMD AuthenticAMD
[    0.000000]   Centaur CentaurHauls
[    0.000000] [Firmware Bug]: TSC doesn't count with P0 frequency!
[    0.000000] x86/fpu: Supporting XSAVE feature 0x001: 'x87 floating point registers'
[    0.000000] x86/fpu: Supporting XSAVE feature 0x002: 'SSE registers'
[    0.000000] x86/fpu: Supporting XSAVE feature 0x004: 'AVX registers'
[    0.000000] x86/fpu: xstate_offset[2]:  576, xstate_sizes[2]:  256
[    0.000000] x86/fpu: Enabled xstate features 0x7, context size is 832 bytes, using 'standard' format.
[    0.000000] e820: BIOS-provided physical RAM map:
[    0.000000] BIOS-e820: [mem 0x0000000000000000-0x000000000009fbff] usable
[    0.000000] BIOS-e820: [mem 0x000000000009fc00-0x000000000009ffff] reserved
[    0.000000] BIOS-e820: [mem 0x00000000000f0000-0x00000000000fffff] reserved
[    0.000000] BIOS-e820: [mem 0x0000000000100000-0x000000003ffeffff] usable
[    0.000000] BIOS-e820: [mem 0x000000003fff0000-0x000000003fffffff] ACPI data
[    0.000000] BIOS-e820: [mem 0x00000000fec00000-0x00000000fec00fff] reserved
[    0.000000] BIOS-e820: [mem 0x00000000fee00000-0x00000000fee00fff] reserved
[    0.000000] BIOS-e820: [mem 0x00000000fffc0000-0x00000000ffffffff] reserved
[    0.000000] NX (Execute Disable) protection: active
[    0.000000] SMBIOS 2.5 present.
[    0.000000] DMI: innotek GmbH VirtualBox/VirtualBox, BIOS VirtualBox 12/01/2006
[    0.000000] Hypervisor detected: KVM
[    0.000000] e820: last_pfn = 0x3fff0 max_arch_pfn = 0x400000000
[    0.000000] MTRR: Disabled
[    0.000000] x86/PAT: MTRRs disabled, skipping PAT initialization too.
[    0.000000] CPU MTRRs all blank - virtualized system.
[    0.000000] x86/PAT: Configuration [0-7]: WB  WT  UC- UC  WB  WT  UC- UC  
[    0.000000] found SMP MP-table at [mem 0x0009fff0-0x0009ffff]
[    0.000000] Scanning 1 areas for low memory corruption
[    0.000000] RAMDISK: [mem 0x359cb000-0x36cdcfff]
[    0.000000] ACPI: Early table checksum verification disabled
[    0.000000] ACPI: RSDP 0x00000000000E0000 000024 (v02 VBOX  )
[    0.000000] ACPI: XSDT 0x000000003FFF0030 00003C (v01 VBOX   VBOXXSDT 00000001 ASL  00000061)
[    0.000000] ACPI: FACP 0x000000003FFF00F0 0000F4 (v04 VBOX   VBOXFACP 00000001 ASL  00000061)
[    0.000000] ACPI: DSDT 0x000000003FFF0470 002325 (v02 VBOX   VBOXBIOS 00000002 INTL 20100528)
[    0.000000] ACPI: FACS 0x000000003FFF0200 000040
[    0.000000] ACPI: FACS 0x000000003FFF0200 000040
[    0.000000] ACPI: APIC 0x000000003FFF0240 00005C (v02 VBOX   VBOXAPIC 00000001 ASL  00000061)
[    0.000000] ACPI: SSDT 0x000000003FFF02A0 0001CC (v01 VBOX   VBOXCPUT 00000002 INTL 20100528)
[    0.000000] ACPI: Reserving FACP table memory at [mem 0x3fff00f0-0x3fff01e3]
[    0.000000] ACPI: Reserving DSDT table memory at [mem 0x3fff0470-0x3fff2794]
[    0.000000] ACPI: Reserving FACS table memory at [mem 0x3fff0200-0x3fff023f]
[    0.000000] ACPI: Reserving FACS table memory at [mem 0x3fff0200-0x3fff023f]
[    0.000000] ACPI: Reserving APIC table memory at [mem 0x3fff0240-0x3fff029b]
[    0.000000] ACPI: Reserving SSDT table memory at [mem 0x3fff02a0-0x3fff046b]
[    0.000000] No NUMA configuration found
[    0.000000] Faking a node at [mem 0x0000000000000000-0x000000003ffeffff]
[    0.000000] NODE_DATA(0) allocated [mem 0x3ffc5000-0x3ffeffff]
[    0.000000] kvm-clock: cpu 0, msr 0:3ff44001, primary cpu clock
[    0.000000] kvm-clock: Using msrs 4b564d01 and 4b564d00
[    0.000000] kvm-clock: using sched offset of 3752062762 cycles
[    0.000000] clocksource: kvm-clock: mask: 0xffffffffffffffff max_cycles: 0x1cd42e4dffb, max_idle_ns: 881590591483 ns
[    0.000000] Zone ranges:
[    0.000000]   DMA      [mem 0x0000000000001000-0x0000000000ffffff]
[    0.000000]   DMA32    [mem 0x0000000001000000-0x000000003ffeffff]
[    0.000000]   Normal   empty
[    0.000000]   Device   empty
[    0.000000] Movable zone start for each node
[    0.000000] Early memory node ranges
[    0.000000]   node   0: [mem 0x0000000000001000-0x000000000009efff]
[    0.000000]   node   0: [mem 0x0000000000100000-0x000000003ffeffff]
[    0.000000] Reserved but unavailable: 104 pages
[    0.000000] Initmem setup node 0 [mem 0x0000000000001000-0x000000003ffeffff]
[    0.000000] ACPI: PM-Timer IO Port: 0x4008
[    0.000000] IOAPIC[0]: apic_id 2, version 32, address 0xfec00000, GSI 0-23
[    0.000000] ACPI: INT_SRC_OVR (bus 0 bus_irq 0 global_irq 2 dfl dfl)
[    0.000000] ACPI: INT_SRC_OVR (bus 0 bus_irq 9 global_irq 9 low level)
[    0.000000] Using ACPI (MADT) for SMP configuration information
[    0.000000] smpboot: Allowing 2 CPUs, 0 hotplug CPUs
[    0.000000] PM: Registered nosave memory: [mem 0x00000000-0x00000fff]
[    0.000000] PM: Registered nosave memory: [mem 0x0009f000-0x0009ffff]
[    0.000000] PM: Registered nosave memory: [mem 0x000a0000-0x000effff]
[    0.000000] PM: Registered nosave memory: [mem 0x000f0000-0x000fffff]
[    0.000000] e820: [mem 0x40000000-0xfebfffff] available for PCI devices
[    0.000000] Booting paravirtualized kernel on KVM
[    0.000000] clocksource: refined-jiffies: mask: 0xffffffff max_cycles: 0xffffffff, max_idle_ns: 7645519600211568 ns
[    0.000000] setup_percpu: NR_CPUS:8192 nr_cpumask_bits:2 nr_cpu_ids:2 nr_node_ids:1
[    0.000000] percpu: Embedded 50 pages/cpu s167936 r8192 d28672 u1048576
[    0.000000] PV qspinlock hash table entries: 256 (order: 0, 4096 bytes)
[    0.000000] Built 1 zonelists, mobility grouping on.  Total pages: 257913
[    0.000000] Policy zone: DMA32
[    0.000000] Kernel command line: BOOT_IMAGE=/boot/vmlinuz-4.15.0-194-generic root=LABEL=cloudimg-rootfs ro console=tty1 console=ttyS0
[    0.000000] Memory: 982652K/1048120K available (12300K kernel code, 2477K rwdata, 4320K rodata, 2472K init, 2720K bss, 65468K reserved, 0K cma-reserved)
[    0.000000] SLUB: HWalign=64, Order=0-3, MinObjects=0, CPUs=2, Nodes=1
[    0.000000] ftrace: allocating 39477 entries in 155 pages
[    0.004000] Hierarchical RCU implementation.
[    0.004000] 	RCU restricting CPUs from NR_CPUS=8192 to nr_cpu_ids=2.
[    0.004000] 	Tasks RCU enabled.
[    0.004000] RCU: Adjusting geometry for rcu_fanout_leaf=16, nr_cpu_ids=2
[    0.004000] NR_IRQS: 524544, nr_irqs: 440, preallocated irqs: 16
[    0.004000] random: crng init done
[    0.004000] Console: colour VGA+ 80x25
[    0.004000] console [tty1] enabled
[    0.004000] console [ttyS0] enabled
[    0.004000] ACPI: Core revision 20170831
[    0.004000] ACPI: 2 ACPI AML tables successfully acquired and loaded
[    0.004000] APIC: Switch to symmetric I/O mode setup
[    0.004000] x2apic enabled
[    0.004000] Switched APIC routing to physical x2apic.
[    0.004000] ..TIMER: vector=0x30 apic1=0 pin1=2 apic2=-1 pin2=-1
[    0.004000] tsc: Detected 2096.062 MHz processor
[    0.004000] Calibrating delay loop (skipped) preset value.. 4192.12 BogoMIPS (lpj=8384248)
[    0.004000] pid_max: default: 32768 minimum: 301
[    0.004000] Security Framework initialized
[    0.004000] Yama: becoming mindful.
[    0.004000] AppArmor: AppArmor initialized
[    0.004000] Dentry cache hash table entries: 131072 (order: 8, 1048576 bytes)
[    0.004000] Inode-cache hash table entries: 65536 (order: 7, 524288 bytes)
[    0.004000] Mount-cache hash table entries: 2048 (order: 2, 16384 bytes)
[    0.004000] Mountpoint-cache hash table entries: 2048 (order: 2, 16384 bytes)
[    0.004000] Last level iTLB entries: 4KB 1024, 2MB 1024, 4MB 512
[    0.004000] Last level dTLB entries: 4KB 1536, 2MB 1536, 4MB 768, 1GB 0
[    0.004000] Spectre V1 : Mitigation: usercopy/swapgs barriers and __user pointer sanitization
[    0.004000] Spectre V2 : Mitigation: Retpolines
[    0.004000] Spectre V2 : Spectre v2 / SpectreRSB mitigation: Filling RSB on context switch
[    0.004000] Freeing SMP alternatives memory: 36K
[    0.118243] APIC calibration not consistent with PM-Timer: 115ms instead of 100ms
[    0.119321] APIC delta adjusted to PM-Timer: 6421084 (7428033)
[    0.120063] smpboot: CPU0: AMD Ryzen 5 3500U with Radeon Vega Mobile Gfx (family: 0x17, model: 0x18, stepping: 0x1)
[    0.121711] Performance Events: PMU not available due to virtualization, using software events only.
[    0.123182] Hierarchical SRCU implementation.
[    0.124735] NMI watchdog: Perf event create on CPU 0 failed with -2
[    0.126193] NMI watchdog: Perf NMI watchdog permanently disabled
[    0.128116] smp: Bringing up secondary CPUs ...
[    0.129325] x86: Booting SMP configuration:
[    0.130352] .... node  #0, CPUs:      #1
[    0.004000] kvm-clock: cpu 1, msr 0:3ff44041, secondary cpu clock
[    0.135259] smp: Brought up 1 node, 2 CPUs
[    0.135259] smpboot: Max logical packages: 1
[    0.136007] smpboot: Total of 2 processors activated (8384.24 BogoMIPS)
[    0.137047] devtmpfs: initialized
[    0.137047] x86/mm: Memory block size: 128MB
[    0.137465] evm: security.selinux
[    0.138030] evm: security.SMACK64
[    0.138580] evm: security.SMACK64EXEC
[    0.139160] evm: security.SMACK64TRANSMUTE
[    0.140009] evm: security.SMACK64MMAP
[    0.140552] evm: security.apparmor
[    0.141066] evm: security.ima
[    0.141542] evm: security.capability
[    0.142166] clocksource: jiffies: mask: 0xffffffff max_cycles: 0xffffffff, max_idle_ns: 7645041785100000 ns
[    0.144013] futex hash table entries: 512 (order: 3, 32768 bytes)
[    0.145401] pinctrl core: initialized pinctrl subsystem
[    0.148224] RTC time: 15:48:41, date: 10/20/22
[    0.152214] NET: Registered protocol family 16
[    0.153106] audit: initializing netlink subsys (disabled)
[    0.153972] audit: type=2000 audit(1666280926.709:1): state=initialized audit_enabled=0 res=1
[    0.156019] cpuidle: using governor ladder
[    0.156938] cpuidle: using governor menu
[    0.158478] ACPI: bus type PCI registered
[    0.158478] acpiphp: ACPI Hot Plug PCI Controller Driver version: 0.5
[    0.158478] PCI: Using configuration type 1 for base access
[    0.160007] PCI: Using configuration type 1 for extended access
[    0.160947] HugeTLB registered 2.00 MiB page size, pre-allocated 0 pages
[    0.161016] ACPI: Added _OSI(Module Device)
[    0.161016] ACPI: Added _OSI(Processor Device)
[    0.164012] ACPI: Added _OSI(3.0 _SCP Extensions)
[    0.165017] ACPI: Added _OSI(Processor Aggregator Device)
[    0.166137] ACPI: Added _OSI(Linux-Dell-Video)
[    0.167088] ACPI: Added _OSI(Linux-Lenovo-NV-HDMI-Audio)
[    0.168007] ACPI: Added _OSI(Linux-HPI-Hybrid-Graphics)
[    0.169035] ACPI: Executed 1 blocks of module-level executable AML code
[    0.172796] ACPI: Interpreter enabled
[    0.173478] ACPI: (supports S0 S5)
[    0.174014] ACPI: Using IOAPIC for interrupt routing
[    0.175050] PCI: Using host bridge windows from ACPI; if necessary, use "pci=nocrs" and report a bug
[    0.176000] ACPI: Enabled 2 GPEs in block 00 to 07
[    0.180982] ACPI: PCI Root Bridge [PCI0] (domain 0000 [bus 00-ff])
[    0.181913] acpi PNP0A03:00: _OSC: OS supports [ExtendedConfig ASPM ClockPM Segments MSI]
[    0.184000] acpi PNP0A03:00: _OSC: platform does not support [PCIeCapability]
[    0.184435] acpi PNP0A03:00: _OSC: not requesting control; platform does not support [PCIeCapability]
[    0.185699] acpi PNP0A03:00: _OSC: OS requested [PCIeHotplug PME AER PCIeCapability]
[    0.186833] acpi PNP0A03:00: _OSC: platform willing to grant [PCIeHotplug PME AER]
[    0.187900] acpi PNP0A03:00: _OSC failed (AE_SUPPORT); disabling ASPM
[    0.188389] PCI host bridge to bus 0000:00
[    0.189404] pci_bus 0000:00: root bus resource [io  0x0000-0x0cf7 window]
[    0.191124] pci_bus 0000:00: root bus resource [io  0x0d00-0xffff window]
[    0.192009] pci_bus 0000:00: root bus resource [mem 0x000a0000-0x000bffff window]
[    0.193180] pci_bus 0000:00: root bus resource [mem 0x40000000-0xfdffffff window]
[    0.194239] pci_bus 0000:00: root bus resource [bus 00-ff]
[    0.196000] pci 0000:00:01.1: legacy IDE quirk: reg 0x10: [io  0x01f0-0x01f7]
[    0.196009] pci 0000:00:01.1: legacy IDE quirk: reg 0x14: [io  0x03f6]
[    0.197026] pci 0000:00:01.1: legacy IDE quirk: reg 0x18: [io  0x0170-0x0177]
[    0.198169] pci 0000:00:01.1: legacy IDE quirk: reg 0x1c: [io  0x0376]
[    0.222631] pci 0000:00:07.0: quirk: [io  0x4000-0x403f] claimed by PIIX4 ACPI
[    0.224026] pci 0000:00:07.0: quirk: [io  0x4100-0x410f] claimed by PIIX4 SMB
[    0.244156] ACPI: PCI Interrupt Link [LNKA] (IRQs 5 9 10 *11)
[    0.246000] ACPI: PCI Interrupt Link [LNKB] (IRQs 5 9 *10 11)
[    0.247487] ACPI: PCI Interrupt Link [LNKC] (IRQs 5 *9 10 11)
[    0.248156] ACPI: PCI Interrupt Link [LNKD] (IRQs 5 9 10 *11)
[    0.249867] SCSI subsystem initialized
[    0.252031] pci 0000:00:02.0: vgaarb: setting as boot VGA device
[    0.252868] pci 0000:00:02.0: vgaarb: VGA device added: decodes=io+mem,owns=io+mem,locks=none
[    0.254483] pci 0000:00:02.0: vgaarb: bridge control possible
[    0.256007] vgaarb: loaded
[    0.256641] ACPI: bus type USB registered
[    0.257499] usbcore: registered new interface driver usbfs
[    0.257499] usbcore: registered new interface driver hub
[    0.257499] usbcore: registered new device driver usb
[    0.260036] EDAC MC: Ver: 3.0.0
[    0.260883] PCI: Using ACPI for IRQ routing
[    0.264305] NetLabel: Initializing
[    0.264927] NetLabel:  domain hash size = 128
[    0.266014] NetLabel:  protocols = UNLABELED CIPSOv4 CALIPSO
[    0.267412] NetLabel:  unlabeled traffic allowed by default
[    0.268108] clocksource: Switched to clocksource kvm-clock
[    0.292358] VFS: Disk quotas dquot_6.6.0
[    0.293448] VFS: Dquot-cache hash table entries: 512 (order 0, 4096 bytes)
[    0.295363] AppArmor: AppArmor Filesystem Enabled
[    0.296238] pnp: PnP ACPI init
[    0.297793] pnp: PnP ACPI: found 3 devices
[    0.308446] clocksource: acpi_pm: mask: 0xffffff max_cycles: 0xffffff, max_idle_ns: 2085701024 ns
[    0.309882] NET: Registered protocol family 2
[    0.310588] IP idents hash table entries: 16384 (order: 5, 131072 bytes)
[    0.311781] TCP established hash table entries: 8192 (order: 4, 65536 bytes)
[    0.317620] TCP bind hash table entries: 8192 (order: 5, 131072 bytes)
[    0.318751] TCP: Hash tables configured (established 8192 bind 8192)
[    0.319826] UDP hash table entries: 512 (order: 2, 16384 bytes)
[    0.320850] UDP-Lite hash table entries: 512 (order: 2, 16384 bytes)
[    0.322014] NET: Registered protocol family 1
[    0.322745] pci 0000:00:00.0: Limiting direct PCI/PCI transfers
[    0.323690] pci 0000:00:01.0: Activating ISA DMA hang workarounds
[    0.324690] pci 0000:00:02.0: Video device with shadowed ROM at [mem 0x000c0000-0x000dffff]
[    0.325970] Unpacking initramfs...
[    0.722436] Freeing initrd memory: 19528K
[    0.724542] clocksource: tsc: mask: 0xffffffffffffffff max_cycles: 0x1e36a88731c, max_idle_ns: 440795269020 ns
[    0.727097] platform rtc_cmos: registered platform RTC device (no PNP device found)
[    0.729122] Scanning for low memory corruption every 60 seconds
[    0.731501] Initialise system trusted keyrings
[    0.732652] Key type blacklist registered
[    0.733955] workingset: timestamp_bits=36 max_order=18 bucket_order=0
[    0.737047] zbud: loaded
[    0.738493] squashfs: version 4.0 (2009/01/31) Phillip Lougher
[    0.739984] fuse init (API version 7.26)
[    0.745407] Key type asymmetric registered
[    0.746323] Asymmetric key parser 'x509' registered
[    0.747549] Block layer SCSI generic (bsg) driver version 0.4 loaded (major 246)
[    0.749553] io scheduler noop registered
[    0.750791] io scheduler deadline registered
[    0.752764] io scheduler cfq registered (default)
[    0.754711] ACPI: AC Adapter [AC] (on-line)
[    0.755665] input: Power Button as /devices/LNXSYSTM:00/LNXPWRBN:00/input/input0
[    0.757208] ACPI: Power Button [PWRF]
[    0.757971] input: Sleep Button as /devices/LNXSYSTM:00/LNXSLPBN:00/input/input1
[    0.759486] ACPI: Sleep Button [SLPF]
[    0.760610] Serial: 8250/16550 driver, 32 ports, IRQ sharing enabled
[    0.761485] ACPI: Battery Slot [BAT0] (battery present)
[    0.783842] 00:02: ttyS0 at I/O 0x3f8 (irq = 4, base_baud = 115200) is a 16550A
[    0.790619] Linux agpgart interface v0.103
[    0.797508] loop: module loaded
[    0.798802] scsi host0: ata_piix
[    0.800007] scsi host1: ata_piix
[    0.800622] ata1: PATA max UDMA/33 cmd 0x1f0 ctl 0x3f6 bmdma 0xd000 irq 14
[    0.801812] ata2: PATA max UDMA/33 cmd 0x170 ctl 0x376 bmdma 0xd008 irq 15
[    0.803826] tun: Universal TUN/TAP device driver, 1.6
[    0.805220] PPP generic driver version 2.4.2
[    0.806293] ehci_hcd: USB 2.0 'Enhanced' Host Controller (EHCI) Driver
[    0.807413] ehci-pci: EHCI PCI platform driver
[    0.808313] ehci-platform: EHCI generic platform driver
[    0.809388] ohci_hcd: USB 1.1 'Open' Host Controller (OHCI) Driver
[    0.810528] ohci-pci: OHCI PCI platform driver
[    0.811517] ohci-platform: OHCI generic platform driver
[    0.812538] uhci_hcd: USB Universal Host Controller Interface driver
[    0.813802] i8042: PNP: PS/2 Controller [PNP0303:PS2K,PNP0f03:PS2M] at 0x60,0x64 irq 1,12
[    0.815960] serio: i8042 KBD port at 0x60,0x64 irq 1
[    0.816818] serio: i8042 AUX port at 0x60,0x64 irq 12
[    0.817922] mousedev: PS/2 mouse device common for all mice
[    0.819581] input: AT Translated Set 2 keyboard as /devices/platform/i8042/serio0/input/input2
[    0.820531] rtc_cmos rtc_cmos: rtc core: registered rtc_cmos as rtc0
[    0.822657] rtc_cmos rtc_cmos: alarms up to one day, 114 bytes nvram
[    0.823870] i2c /dev entries driver
[    0.824161] device-mapper: uevent: version 1.0.3
[    0.825649] device-mapper: ioctl: 4.37.0-ioctl (2017-09-20) initialised: dm-devel@redhat.com
[    0.827152] ledtrig-cpu: registered to indicate activity on CPUs
[    0.828960] NET: Registered protocol family 10
[    0.836234] Segment Routing with IPv6
[    0.837024] NET: Registered protocol family 17
[    0.838038] Key type dns_resolver registered
[    0.839231] mce: Using 0 MCE banks
[    0.840042] RAS: Correctable Errors collector initialized.
[    0.841088] sched_clock: Marking stable (841056470, 0)->(1013558265, -172501795)
[    0.843184] registered taskstats version 1
[    0.844156] Loading compiled-in X.509 certificates
[    0.848108] Loaded X.509 cert 'Build time autogenerated kernel key: 6303a3b02fa1c7713b8a75ba7ba622fabd5dd271'
[    0.850557] Loaded X.509 cert 'Canonical Ltd. Live Patch Signing: 14df34d1a87cf37625abec039ef2bf521249b969'
[    0.853212] Loaded X.509 cert 'Canonical Ltd. Kernel Module Signing: 88f752e560a1e0737e31163a466ad7b70a850c19'
[    0.855691] blacklist: Loading compiled-in revocation X.509 certificates
[    0.857504] Loaded X.509 cert 'Canonical Ltd. Secure Boot Signing: 61482aa2830d0ab2ad5af10b7250da9033ddcef0'
[    0.859229] zswap: loaded using pool lzo/zbud
[    0.863868] Key type big_key registered
[    0.864614] Key type trusted registered
[    0.867590] Key type encrypted registered
[    0.868507] AppArmor: AppArmor sha1 policy hashing enabled
[    0.869671] ima: No TPM chip found, activating TPM-bypass! (rc=-19)
[    0.870875] ima: Allocated hash algorithm: sha1
[    0.871576] evm: HMAC attrs: 0x1
[    0.872478]   Magic number: 10:905:841
[    0.873439] rtc_cmos rtc_cmos: setting system clock to 2022-10-20 15:48:41 UTC (1666280921)
[    0.875223] BIOS EDD facility v0.16 2004-Jun-25, 0 devices found
[    0.876501] EDD information not available.
[    0.999691] Freeing unused kernel image memory: 2472K
[    1.077111] Write protecting the kernel read-only data: 20480k
[    1.079068] Freeing unused kernel image memory: 2008K
[    1.080440] Freeing unused kernel image memory: 1824K
[    1.090072] x86/mm: Checked W+X mappings: passed, no W+X pages found.
Loading, please wait...
starting version 237
[    1.155551] e1000: Intel(R) PRO/1000 Network Driver - version 7.3.21-k8-NAPI
[    1.156646] e1000: Copyright (c) 1999-2006 Intel Corporation.
[    1.160351] Fusion MPT base driver 3.04.20
[    1.161089] Copyright (c) 1999-2008 LSI Corporation
[    1.167601] Fusion MPT SPI Host driver 3.04.20
[    1.173268] AVX2 version of gcm_enc/dec engaged.
[    1.174139] AES CTR mode by8 optimization enabled
[    1.377439] input: ImExPS/2 Generic Explorer Mouse as /devices/platform/i8042/serio1/input/input4
[    1.742049] e1000 0000:00:03.0 eth0: (PCI:33MHz:32-bit) 02:ef:f7:70:2e:71
[    1.745416] e1000 0000:00:03.0 eth0: Intel(R) PRO/1000 Network Connection
[    2.149192] e1000 0000:00:08.0 eth1: (PCI:33MHz:32-bit) 08:00:27:20:c3:07
[    2.151198] e1000 0000:00:08.0 eth1: Intel(R) PRO/1000 Network Connection
[    2.156263] e1000 0000:00:03.0 enp0s3: renamed from eth0
[    2.157880] mptbase: ioc0: Initiating bringup
[    2.202922] e1000 0000:00:08.0 enp0s8: renamed from eth1
[    2.269178] ioc0: LSI53C1030 A0: Capabilities={Initiator}
[    4.186119] scsi host2: ioc0: LSI53C1030 A0, FwRev=00000000h, Ports=1, MaxQ=256, IRQ=20
[    5.202395] scsi 2:0:0:0: Direct-Access     VBOX     HARDDISK         1.0  PQ: 0 ANSI: 5
[    5.287924] scsi target2:0:0: Beginning Domain Validation
[    5.290264] scsi target2:0:0: Domain Validation skipping write tests
[    5.291498] scsi target2:0:0: Ending Domain Validation
[    5.292425] scsi target2:0:0: asynchronous
[    5.293720] scsi 2:0:1:0: Direct-Access     VBOX     HARDDISK         1.0  PQ: 0 ANSI: 5
[    6.016263] scsi target2:0:1: Beginning Domain Validation
[    6.022676] scsi target2:0:1: Domain Validation skipping write tests
[    6.025777] scsi target2:0:1: Ending Domain Validation
[    6.028750] scsi target2:0:1: asynchronous
[    6.040143] sd 2:0:0:0: Attached scsi generic sg0 type 0
[    6.042674] sd 2:0:0:0: [sda] 83886080 512-byte logical blocks: (42.9 GB/40.0 GiB)
[    6.042761] sd 2:0:1:0: Attached scsi generic sg1 type 0
[    6.047856] sd 2:0:0:0: [sda] Write Protect is off
[    6.049734] sd 2:0:1:0: [sdb] 20480 512-byte logical blocks: (10.5 MB/10.0 MiB)
[    6.051974] sd 2:0:1:0: [sdb] Write Protect is off
[    6.052080] sd 2:0:0:0: [sda] Incomplete mode parameter data
[    6.055775] sd 2:0:0:0: [sda] Assuming drive cache: write through
[    6.056029] sd 2:0:1:0: [sdb] Incomplete mode parameter data
[    6.059212] sd 2:0:1:0: [sdb] Assuming drive cache: write through
[    6.062461]  sda: sda1
[    6.064864] sd 2:0:1:0: [sdb] Attached SCSI disk
[    6.064876] sd 2:0:0:0: [sda] Attached SCSI disk
Begin: Loading essential drivers ... [    7.625200] raid6: sse2x1   gen()  6904 MB/s
[    7.672310] raid6: sse2x1   xor()  4086 MB/s
[    7.720793] raid6: sse2x2   gen() 12992 MB/s
[    7.768582] raid6: sse2x2   xor()  8501 MB/s
[    7.816044] raid6: sse2x4   gen() 15991 MB/s
[    7.864183] raid6: sse2x4   xor()  8977 MB/s
[    7.912695] raid6: avx2x1   gen() 17501 MB/s
[    7.960080] raid6: avx2x1   xor() 11401 MB/s
[    8.008737] raid6: avx2x2   gen() 22722 MB/s
[    8.056038] raid6: avx2x2   xor() 14282 MB/s
[    8.104717] raid6: avx2x4   gen() 12063 MB/s
[    8.152015] raid6: avx2x4   xor()  8611 MB/s
[    8.152735] raid6: using algorithm avx2x2 gen() 22722 MB/s
[    8.153934] raid6: .... xor() 14282 MB/s, rmw enabled
[    8.155097] raid6: using avx2x2 recovery algorithm
[    8.157575] xor: automatically using best checksumming function   avx       
[    8.159534] async_tx: api initialized (async)
done.
Begin: Running /scripts/init-premount ... done.
Begin: Mounting root file system ... Begin: Running /scripts/local-top ... done.
Begin: Running /scripts/local-premount ... [    8.205572] Btrfs loaded, crc32c=crc32c-intel
Scanning for Btrfs filesystems
done.
Warning: fsck not present, so skipping root file system
[    8.244547] EXT4-fs (sda1): mounted filesystem with ordered data mode. Opts: (null)
done.
Begin: Running /scripts/local-bottom ... done.
Begin: Running /scripts/init-bottom ... done.
[    8.393967] ip_tables: (C) 2000-2006 Netfilter Core Team
[    8.404295] systemd[1]: systemd 237 running in system mode. (+PAM +AUDIT +SELINUX +IMA +APPARMOR +SMACK +SYSVINIT +UTMP +LIBCRYPTSETUP +GCRYPT +GNUTLS +ACL +XZ +LZ4 +SECCOMP +BLKID +ELFUTILS +KMOD -IDN2 +IDN -PCRE2 default-hierarchy=hybrid)
[    8.409326] systemd[1]: Detected virtualization oracle.
[    8.410438] systemd[1]: Detected architecture x86-64.

Welcome to [1mUbuntu 18.04.6 LTS[0m!

[    8.418345] systemd[1]: Set hostname to <ubuntu>.
[    8.422913] systemd[1]: Initializing machine ID from random generator.
[    8.423859] systemd[1]: Installed transient /etc/machine-id file.
[    8.687933] systemd[1]: Reached target System Time Synchronized.
[[0;32m  OK  [0m] Reached target System Time Synchronized.
[    8.691032] systemd[1]: Created slice User and Session Slice.
[[0;32m  OK  [0m] Created slice User and Session Slice.
[    8.693095] systemd[1]: Created slice System Slice.
[[0;32m  OK  [0m] Created slice System Slice.
[    8.694670] systemd[1]: Listening on LVM2 poll daemon socket.
[[0;32m  OK  [0m] Listening on LVM2 poll daemon socket.
[[0;32m  OK  [0m] Listening on Syslog Socket.
[[0;32m  OK  [0m] Listening on fsck to fsckd communication Socket.
[[0;32m  OK  [0m] Listening on Device-mapper event daemon FIFOs.
[[0;32m  OK  [0m] Created slice system-serial\x2dgetty.slice.
[[0;32m  OK  [0m] Reached target Slices.
[[0;32m  OK  [0m] Reached target User and Group Name Lookups.
[[0;32m  OK  [0m] Listening on Journal Socket.
         Mounting Kernel Debug File System...
         Starting Set the console keyboard layout...
         Starting Create list of required st…ce nodes for the current kernel...
[[0;32m  OK  [0m] Listening on udev Kernel Socket.
         Starting File System Check on Root Device...
[[0;32m  OK  [0m] Listening on udev Control Socket.
         Starting udev Coldplug all Devices...
[[0;32m  OK  [0m] Listening on /dev/initctl Compatibility Named Pipe.
[[0;32m  OK  [0m] Reached target Swap.
[[0;32m  OK  [0m] Listening on LVM2 metadata daemon socket.
         Starting Monitoring of LVM2 mirrors…ng dmeventd or progress polling...
[[0;32m  OK  [0m] Set up automount Arbitrary Executab…rmats File System Automount Point.
[[0;32m  OK  [0m] Listening on Network Service Netlink Socket.
         Mounting POSIX Message Queue File System...
         Starting Load Kernel Modules...
[[0;32m  OK  [0m] Listening on Journal Socket (/dev/log).
         Mounting Huge Pages File System...
[[0;32m  OK  [0m] Listening on Journal Audit Socket.
         Starting Journal Service...
         Starting Uncomplicated firewall...
[[0;32m  OK  [0m] Started Forward Password Requests to Wall Directory Watch.
[[0;32m  OK  [0m] Mounted Kernel Debug File System.
[[0;32m  OK  [0m] Started Create list of required sta…vice nodes for the current kernel.
[[0;32m  OK  [0m] Mounted POSIX Message Queue File System.
[    8.806051] Loading iSCSI transport class v2.0-870.
[[0;32m  OK  [0m] Mounted Huge Pages File System.
[[0;32m  OK  [0m] Started File System Check Daemon to report status.
[[0;32m  OK  [0m] Started LVM2 metadata daemon.
         Starting Create Static Device Nodes in /dev...
[    8.815480] iscsi: registered transport (tcp)
[[0;32m  OK  [0m] Started udev Coldplug all Devices.
[[0;32m  OK  [0m] Started File System Check on Root Device.
         Starting Remount Root and Kernel File Systems...
[[0;32m  OK  [0m] Started Uncomplicated firewall.
[[0;32m  OK  [0m] Started Journal Service.
[[0;32m  OK  [0m] Started Create Static Device Nodes in /dev.
[    8.894881] iscsi: registered transport (iser)
[[0;32m  OK  [0m] Started Load Kernel Modules.
         Mounting FUSE Control File System...
         Mounting Kernel Configuration File System...
         Starting Apply Kernel Variables...
[[0;32m  OK  [0m] Mounted FUSE Control File System.
[[0;32m  OK  [0m] Mounted Kernel Configuration File System.
[[0;32m  OK  [0m] Started Remount Root and Kernel File Systems.
[[0;32m  OK  [0m] Started Monitoring of LVM2 mirrors,…sing dmeventd or progress polling.
[[0;32m  OK  [0m] Started Apply Kernel Variables.
         Starting Load/Save Random Seed...
         Starting udev Kernel Device Manager...
         Starting Flush Journal to Persistent Storage...
[[0;32m  OK  [0m] Started Load/Save Random Seed.
[[0;32m  OK  [0m] Started udev Kernel Device Manager.
[[0;32m  OK  [0m] Started Flush Journal to Persistent Storage.
[[0;32m  OK  [0m] Found device /dev/ttyS0.
[[0;32m  OK  [0m] Listening on Load/Save RF Kill Switch Status /dev/rfkill Watch.
[[0;32m  OK  [0m] Started Set the console keyboard layout.
[[0;32m  OK  [0m] Reached target Local File Systems (Pre).
[[0;32m  OK  [0m] Reached target Local File Systems.
         Starting Create Volatile Files and Directories...
         Starting AppArmor initialization...
         Starting ebtables ruleset management...
         Starting Commit a transient machine-id on disk...
         Starting Tell Plymouth To Write Out Runtime Data...
         Starting Set console font and keymap...
[[0;32m  OK  [0m] Started Dispatch Password Requests to Console Directory Watch.
[[0;32m  OK  [0m] Reached target Local Encrypted Volumes.
[[0;32m  OK  [0m] Started Create Volatile Files and Directories.
[[0;32m  OK  [0m] Started Tell Plymouth To Write Out Runtime Data.
         Starting Update UTMP about System Boot/Shutdown...
[[0;32m  OK  [0m] Started Update UTMP about System Boot/Shutdown.
[[0;32m  OK  [0m] Started Commit a transient machine-id on disk.
[[0;32m  OK  [0m] Started ebtables ruleset management.
[[0;32m  OK  [0m] Started Set console font and keymap.
[[0;32m  OK  [0m] Started AppArmor initialization.
         Starting Load AppArmor profiles managed internally by snapd...
         Starting Initial cloud-init job (pre-networking)...
[[0;32m  OK  [0m] Started Load AppArmor profiles managed internally by snapd.
[   12.038924] cloud-init[784]: Cloud-init v. 22.3.4-0ubuntu1~18.04.1 running 'init-local' at Thu, 20 Oct 2022 15:48:52 +0000. Up 11.66 seconds.
[[0;32m  OK  [0m] Started Initial cloud-init job (pre-networking).
[[0;32m  OK  [0m] Reached target Network (Pre).
         Starting Network Service...
[[0;32m  OK  [0m] Started Network Service.
         Starting Network Name Resolution...
         Starting Wait for Network to be Configured...
[[0;32m  OK  [0m] Started Network Name Resolution.
[[0;32m  OK  [0m] Reached target Network.
[[0;32m  OK  [0m] Reached target Host and Network Name Lookups.
[[0;32m  OK  [0m] Started Wait for Network to be Configured.
         Starting Initial cloud-init job (metadata service crawler)...
[   14.522465] cloud-init[891]: Cloud-init v. 22.3.4-0ubuntu1~18.04.1 running 'init' at Thu, 20 Oct 2022 15:48:55 +0000. Up 14.38 seconds.
[   14.526978] cloud-init[891]: ci-info: ++++++++++++++++++++++++++++++++++++++Net device info+++++++++++++++++++++++++++++++++++++++
[   14.529639] cloud-init[891]: ci-info: +--------+-------+----------------------------+---------------+--------+-------------------+
[   14.532368] cloud-init[891]: ci-info: | Device |   Up  |          Address           |      Mask     | Scope  |     Hw-Address    |
[   14.535155] cloud-init[891]: ci-info: +--------+-------+----------------------------+---------------+--------+-------------------+
[   14.537752] cloud-init[891]: ci-info: | enp0s3 |  True |         10.0.2.15          | 255.255.255.0 | global | 02:ef:f7:70:2e:71 |
[   14.540598] cloud-init[891]: ci-info: | enp0s3 |  True | fe80::ef:f7ff:fe70:2e71/64 |       .       |  link  | 02:ef:f7:70:2e:71 |
[   14.543339] cloud-init[891]: ci-info: | enp0s8 | False |             .              |       .       |   .    | 08:00:27:20:c3:07 |
[   14.546075] cloud-init[891]: ci-info: |   lo   |  True |         127.0.0.1          |   255.0.0.0   |  host  |         .         |
[   14.548668] cloud-init[891]: ci-info: |   lo   |  True |          ::1/128           |       .       |  host  |         .         |
[   14.551059] cloud-init[891]: ci-info: +--------+-------+----------------------------+---------------+--------+-------------------+
[   14.552125] cloud-init[891]: ci-info: ++++++++++++++++++++++++++++Route IPv4 info+++++++++++++++++++++++++++++
[   14.553215] cloud-init[891]: ci-info: +-------+-------------+----------+-----------------+-----------+-------+
[   14.554607] cloud-init[891]: ci-info: | Route | Destination | Gateway  |     Genmask     | Interface | Flags |
[   14.556984] cloud-init[891]: ci-info: +-------+-------------+----------+-----------------+-----------+-------+
[   14.559138] cloud-init[891]: ci-info: |   0   |   0.0.0.0   | 10.0.2.2 |     0.0.0.0     |   enp0s3  |   UG  |
[   14.561291] cloud-init[891]: ci-info: |   1   |   10.0.2.0  | 0.0.0.0  |  255.255.255.0  |   enp0s3  |   U   |
[   14.562517] cloud-init[891]: ci-info: |   2   |   10.0.2.2  | 0.0.0.0  | 255.255.255.255 |   enp0s3  |   UH  |
[   14.563496] cloud-init[891]: ci-info: +-------+-------------+----------+-----------------+-----------+-------+
[   14.564596] cloud-init[891]: ci-info: +++++++++++++++++++Route IPv6 info+++++++++++++++++++
[   14.565265] cloud-init[891]: ci-info: +-------+-------------+---------+-----------+-------+
[   14.567412] cloud-init[891]: ci-info: | Route | Destination | Gateway | Interface | Flags |
[   14.569731] cloud-init[891]: ci-info: +-------+-------------+---------+-----------+-------+
[   14.571758] cloud-init[891]: ci-info: |   1   |  fe80::/64  |    ::   |   enp0s3  |   U   |
[   14.574040] cloud-init[891]: ci-info: |   3   |    local    |    ::   |   enp0s3  |   U   |
[   14.575547] cloud-init[891]: ci-info: |   4   |   ff00::/8  |    ::   |   enp0s3  |   U   |
[   14.577141] cloud-init[891]: ci-info: +-------+-------------+---------+-----------+-------+
[   15.478721] cloud-init[891]: Generating public/private rsa key pair.
[   15.479637] cloud-init[891]: Your identification has been saved in /etc/ssh/ssh_host_rsa_key.
[   15.480726] cloud-init[891]: Your public key has been saved in /etc/ssh/ssh_host_rsa_key.pub.
[   15.481858] cloud-init[891]: The key fingerprint is:
[   15.482731] cloud-init[891]: SHA256:a19wXi4ERcq+nWJBOO8YGjK8eKCYSnISAnlCmqbfOjM root@ubuntu-bionic
[   15.483854] cloud-init[891]: The key's randomart image is:
[   15.484853] cloud-init[891]: +---[RSA 2048]----+
[   15.485667] cloud-init[891]: | .         .o    |
[   15.486626] cloud-init[891]: |oo       o o     |
[   15.488059] cloud-init[891]: |*..     o =      |
[   15.489587] cloud-init[891]: |+o .     = .     |
[   15.490986] cloud-init[891]: |+ . + . S = o .  |
[   15.492394] cloud-init[891]: |o= + + o = O +   |
[   15.493955] cloud-init[891]: |*.+ + . + = * .  |
[   15.495346] cloud-init[891]: |+oEo   . o o .   |
[   15.496869] cloud-init[891]: |. .+      .      |
[   15.498470] cloud-init[891]: +----[SHA256]-----+
[   15.500089] cloud-init[891]: Generating public/private dsa key pair.
[   15.501910] cloud-init[891]: Your identification has been saved in /etc/ssh/ssh_host_dsa_key.
[   15.503804] cloud-init[891]: Your public key has been saved in /etc/ssh/ssh_host_dsa_key.pub.
[   15.505820] cloud-init[891]: The key fingerprint is:
[   15.507265] cloud-init[891]: SHA256:vOVCNeOA46N2xLCUMVB5yaPMhDGpEN/v1/5OLalBkNI root@ubuntu-bionic
[   15.521263] cloud-init[891]: The key's randomart image is:
[   15.522043] cloud-init[891]: +---[DSA 1024]----+
[   15.523555] cloud-init[891]: |..+*+o .         |
[   15.526597] cloud-init[891]: |..ooo+=o .       |
[   15.527896] cloud-init[891]: |...+=o+.E +      |
[   15.529101] cloud-init[891]: |.  .+* + = o     |
[   15.530304] cloud-init[891]: |    . * S +      |
[   15.531396] cloud-init[891]: |     + o *   o   |
[   15.532639] cloud-init[891]: |    o o + + + .  |
[   15.533570] cloud-init[891]: |   . . . o + .   |
[   15.534598] cloud-init[891]: |          ooo    |
[   15.536105] cloud-init[891]: +----[SHA256]-----+
[   15.537561] cloud-init[891]: Generating public/private ecdsa key pair.
[   15.543185] cloud-init[891]: Your identification has been saved in /etc/ssh/ssh_host_ecdsa_key.
[   15.544168] cloud-init[891]: Your public key has been saved in /etc/ssh/ssh_host_ecdsa_key.pub.
[   15.545125] cloud-init[891]: The key fingerprint is:
[   15.545869] cloud-init[891]: SHA256:5wxn9HaQktHJWXxXeTZeWe/Zr0wtQkTIq687Fs7obN8 root@ubuntu-bionic
[   15.547282] cloud-init[891]: The key's randomart image is:
[   15.548409] cloud-init[891]: +---[ECDSA 256]---+
[   15.549585] cloud-init[891]: |         ..+.=. B|
[   15.550536] cloud-init[891]: |          o+=..+B|
[   15.551321] cloud-init[891]: |          +.+ .o*|
[   15.552382] cloud-init[891]: |         ..+ . oo|
[   15.553770] cloud-init[891]: |        S.+ + ..o|
[[0;32m  OK  [0m] Started Initial cloud-init job (metadata service crawler).
[[0;32m  OK  [0m] Reached target Cloud-config availability.
[[0;32m  OK  [0m] Reached target System Initialization.
[[0;32m  OK  [0m] Started Discard unused blocks once a week.
[[0;32m  OK  [0m] Listening on UUID daemon activation socket.
[[0;32m  OK  [0m] Listening on cloud-init hotplug hook socket.
[[   15.558911] cloud-init[891]: |        oB o . ..|
[   15.559079] cloud-init[891]: |       + oo . o o|
[   15.559837] cloud-init[891]: |     .o =..  + o |
[   15.560229] cloud-init[891]: |     ooo++E   o  |
[   15.560712] cloud-init[891]: +----[SHA256]-----+
[   15.560974] cloud-init[891]: Generating public/private ed25519 key pair.
[   15.561411] cloud-init[891]: Your identification has been saved in /etc/ssh/ssh_host_ed25519_key.
[   15.561926] cloud-init[891]: Your public key has been saved in /etc/ssh/ssh_host_ed25519_key.pub.
[   15.562756] cloud-init[891]: The key fingerprint is:
[   15.563229] cloud-init[891]: SHA256:KpWxuowp/vrzxJ2e4UVcO/9u084kx3TeiogUPOcAdS0 root@ubuntu-bionic
[   15.563697] cloud-init[891]: The key's randomart image is:
[   15.564645] cloud-init[891]: +--[ED25519 256]--+
[   15.565312] cloud-init[891]: |        . ..     |
[   15.565884] cloud-init[891]: |       . .E .    |
[   15.566399] cloud-init[891]: |      o    o     |
[0;32m  OK  [0m[   15.567275] cloud-init[891]: |       *. . .    |
[   15.567439] cloud-init[891]: |      + So.o    o|
[   15.567996] cloud-init[891]: |    .o..o*  o  +o|
[   15.568476] cloud-init[891]: |    oo.+...  .. B|
[   15.568756] cloud-init[891]: |.  =.oo.+. . ..O.|
[   15.569563] cloud-init[891]: |.+*o=. +. . . +++|
[   15.569733] cloud-init[891]: +----[SHA256]-----+
] Started ACPI Events Check.
[[0;32m  OK  [0m] Reached target Paths.
[[0;32m  OK  [0m] Started Ubuntu Advantage Timer for running repeated jobs.
         Starting Socket activation for snappy daemon.
[[0;32m  OK  [0m] Started Message of the Day.
         Starting LXD - unix socket.
[[0;32m  OK  [0m] Started Daily Cleanup of Temporary Directories.
[[0;32m  OK  [0m] Listening on D-Bus System Message Bus Socket.
[[0;32m  OK  [0m] Started Daily apt download activities.
[[0;32m  OK  [0m] Started Daily apt upgrade and clean activities.
[[0;32m  OK  [0m] Listening on ACPID Listen Socket.
[[0;32m  OK  [0m] Listening on Open-iSCSI iscsid Socket.
[[0;32m  OK  [0m] Reached target Timers.
[[0;32m  OK  [0m] Reached target Network is Online.
         Starting Availability of block devices...
[[0;32m  OK  [0m] Reached target Remote File Systems (Pre).
[[0;32m  OK  [0m] Reached target Remote File Systems.
[[0;32m  OK  [0m] Listening on Socket activation for snappy daemon.
[[0;32m  OK  [0m] Listening on LXD - unix socket.
[[0;32m  OK  [0m] Started Availability of block devices.
[[0;32m  OK  [0m] Reached target Sockets.
[[0;32m  OK  [0m] Reached target Basic System.
         Starting LSB: Record successful boot for GRUB...
         Starting Dispatcher daemon for systemd-networkd...
         Starting Permit User Sessions...
[[0;32m  OK  [0m] Started Deferred execution scheduler.
         Starting Pollinate to seed the pseudo random number generator...
         Starting System Logging Service...
         Starting Login Service...
         Starting LSB: automatic crash report generation...
         Starting LXD - container startup/shutdown...
[[0;32m  OK  [0m] Started FUSE filesystem for LXC.
         Starting Accounts Service...
         Starting Virtualbox guest utils...
[[0;32m  OK  [0m] Started irqbalance daemon.
[[0;32m  OK  [0m] Started D-Bus System Message Bus.
[[0;32m  OK  [0m] Started Login Service.
[[0;32m  OK  [0m] Started Unattended Upgrades Shutdown.
[[0;32m  OK  [0m] Started Regular background program processing daemon.
         Starting Snap Daemon...
[[0;32m  OK  [0m] Started System Logging Service.
[[0;32m  OK  [0m] Started Permit User Sessions.
[[0;32m  OK  [0m] Started LXD - container startup/shutdown.
         Starting Authorization Manager...
         Starting Terminate Plymouth Boot Screen...
         Starting Hold until boot process finishes up...
[[0;32m  OK  [0m] Started Hold until boot process finishes up.
         Starting Set console scheme...
[[0;32m  OK  [0m] Started Serial Getty on ttyS0.
[[0;32m  OK  [0m] Started Terminate Plymouth Boot Screen.
[[0;32m  OK  [0m] Started LSB: automatic crash report generation.
[[0;32m  OK  [0m] Started Set console scheme.
[[0;32m  OK  [0m] Created slice system-getty.slice.
[[0;32m  OK  [0m] Started Getty on tty1.
[[0;32m  OK  [0m] Reached target Login Prompts.
[[0;32m  OK  [0m] Started LSB: Record successful boot for GRUB.
[[0;32m  OK  [0m] Started Authorization Manager.
[[0;32m  OK  [0m] Started Accounts Service.
[[0;32m  OK  [0m] Started Virtualbox guest utils.
[[0;32m  OK  [0m] Started Dispatcher daemon for systemd-networkd.
[[0;32m  OK  [0m] Started Snap Daemon.
         Starting Wait until snapd is fully seeded...
[[0;32m  OK  [0m] Started Pollinate to seed the pseudo random number generator.
         Starting OpenBSD Secure Shell server...
[[0;32m  OK  [0m] Started OpenBSD Secure Shell server.
         Starting Time & Date Service...
[[0;32m  OK  [0m] Started Time & Date Service.
[[0;32m  OK  [0m] Started Wait until snapd is fully seeded.
         Starting Apply the settings specified in cloud-config...
[[0;32m  OK  [0m] Created slice User Slice of vagrant.
         Starting User Manager for UID 1000...
[[0;32m  OK  [0m] Started Session 1 of user vagrant.
[   19.011465] cloud-init[1426]: Cloud-init v. 22.3.4-0ubuntu1~18.04.1 running 'modules:config' at Thu, 20 Oct 2022 15:48:59 +0000. Up 18.48 seconds.
[[0;32m  OK  [0m] Started User Manager for UID 1000.
[[0;32m  OK  [0m] Started Apply the settings specified in cloud-config.
[[0;32m  OK  [0m] Reached target Multi-User System.
         Starting Execute cloud user/final scripts...
[[0;32m  OK  [0m] Reached target Graphical Interface.
         Starting Update UTMP about System Runlevel Changes...
[[0;32m  OK  [0m] Started Update UTMP about System Runlevel Changes.
ci-info: no authorized SSH keys fingerprints found for user ubuntu.
<14>Oct 20 15:49:00 cloud-init: #############################################################
<14>Oct 20 15:49:00 cloud-init: -----BEGIN SSH HOST KEY FINGERPRINTS-----
<14>Oct 20 15:49:00 cloud-init: 1024 SHA256:vOVCNeOA46N2xLCUMVB5yaPMhDGpEN/v1/5OLalBkNI root@ubuntu-bionic (DSA)
<14>Oct 20 15:49:00 cloud-init: 256 SHA256:5wxn9HaQktHJWXxXeTZeWe/Zr0wtQkTIq687Fs7obN8 root@ubuntu-bionic (ECDSA)
<14>Oct 20 15:49:00 cloud-init: 256 SHA256:KpWxuowp/vrzxJ2e4UVcO/9u084kx3TeiogUPOcAdS0 root@ubuntu-bionic (ED25519)
<14>Oct 20 15:49:00 cloud-init: 2048 SHA256:a19wXi4ERcq+nWJBOO8YGjK8eKCYSnISAnlCmqbfOjM root@ubuntu-bionic (RSA)
<14>Oct 20 15:49:00 cloud-init: -----END SSH HOST KEY FINGERPRINTS-----
<14>Oct 20 15:49:00 cloud-init: #############################################################
-----BEGIN SSH HOST KEY KEYS-----
ecdsa-sha2-nistp256 AAAAE2VjZHNhLXNoYTItbmlzdHAyNTYAAAAIbmlzdHAyNTYAAABBBC1pgv34R3GRE0+AMoULGjiX0JEl0Kc/x0/CPVThdv+y3lQUe8D1Meb9x+MEIVOZNR7nmNGhA9Bb8sr/EU2Llu4= root@ubuntu-bionic
ssh-ed25519 AAAAC3NzaC1lZDI1NTE5AAAAIH/vHgCdOgF9bgG5jvvGsm/VKKXu48O/R8AVJlvhZywM root@ubuntu-bionic
ssh-rsa AAAAB3NzaC1yc2EAAAADAQABAAABAQC+/OhfGszvbUhUMTInCURXLZXs2STs5ECyv+uVKi1RJufGGMrrQo/st0iBCWFpUodMzjgLMKhrWNuIY5oA7Px0ByjVsGy2gWCCClle3ixHkb/CGg7ucAb3BVKQj05vHjB2qihztO8Wl4G3yvwoGZXEcFgzWh0Uf3y2kxuDO5w3A9Y7hZlrf5oa5R+X6I9cOMVvq8CVlHSIoov0MaMZq/twosLjnBslP8Dq0NewSIZ8Kf0Sr0JrTALmo1GuDuVpaMEw8OnFBgf6wemB1SyZeP0Hsy9yCVg1T2sbdK21EkaLrbN7AkS7DwlgIPVjpnmIbcXZEOr0AZZ1kkhYnc638EWt root@ubuntu-bionic
-----END SSH HOST KEY KEYS-----
[   19.858806] cloud-init[1514]: Cloud-init v. 22.3.4-0ubuntu1~18.04.1 running 'modules:final' at Thu, 20 Oct 2022 15:49:00 +0000. Up 19.64 seconds.
[   19.860553] cloud-init[1514]: Cloud-init v. 22.3.4-0ubuntu1~18.04.1 finished at Thu, 20 Oct 2022 15:49:00 +0000. Datasource DataSourceNoCloud [seed=/dev/sdb][dsmode=net].  Up 19.84 seconds
[[0;32m  OK  [0m] Started Execute cloud user/final scripts.
[[0;32m  OK  [0m] Reached target Cloud-init target.

Ubuntu 18.04.6 LTS ubuntu-bionic ttyS0

ubuntu-bionic login: 